<?xml version="1.0" encoding="UTF-8"?>
<!-- Generated by org.testng.reporters.JUnitXMLReporter -->
<testsuite ignored="0" hostname="Ranjan61s-MacBook-Pro.local" failures="0" tests="3" name="Home" time="16.761" errors="0" timestamp="06 Jun 2019 14:00:23 GMT">
  <testcase classname="Acadmey.validatebuttons" name="BussinesEmail" time="4.973"/>
  <testcase classname="Acadmey.Rediff" name="redifflog" time="6.431"/>
  <testcase classname="Acadmey.Rediff" name="redifflog" time="5.351"/>
</testsuite> <!-- Home -->
