<?xml version="1.0" encoding="UTF-8"?>
<!-- Generated by org.testng.reporters.JUnitXMLReporter -->
<testsuite hostname="Ranjan61s-MacBook-Pro.local" ignored="0" name="Home" tests="3" failures="0" timestamp="06 Jun 2019 14:12:43 GMT" time="17.696" errors="0">
  <testcase name="BussinesEmail" time="6.292" classname="Acadmey.validatebuttons"/>
  <testcase name="redifflog" time="4.482" classname="Acadmey.Rediff"/>
  <testcase name="redifflog" time="6.917" classname="Acadmey.Rediff"/>
</testsuite> <!-- Home -->
